mode: set
github.com/Jeremytjuh/Gotraining/TryingOut/mypack/mypack/mypack.go:9.44,10.33 1 1
github.com/Jeremytjuh/Gotraining/TryingOut/mypack/mypack/mypack.go:13.2,13.15 1 1
github.com/Jeremytjuh/Gotraining/TryingOut/mypack/mypack/mypack.go:10.33,12.3 1 1
github.com/Jeremytjuh/Gotraining/TryingOut/mypack/mypack/mypack.go:17.53,18.33 1 1
github.com/Jeremytjuh/Gotraining/TryingOut/mypack/mypack/mypack.go:21.2,21.15 1 1
github.com/Jeremytjuh/Gotraining/TryingOut/mypack/mypack/mypack.go:18.33,20.3 1 1
github.com/Jeremytjuh/Gotraining/TryingOut/mypack/mypack/mypack.go:26.50,28.37 2 1
github.com/Jeremytjuh/Gotraining/TryingOut/mypack/mypack/mypack.go:31.2,31.19 1 1
github.com/Jeremytjuh/Gotraining/TryingOut/mypack/mypack/mypack.go:28.37,30.3 1 1
github.com/Jeremytjuh/Gotraining/TryingOut/mypack/mypack/mypack.go:36.50,38.37 2 1
github.com/Jeremytjuh/Gotraining/TryingOut/mypack/mypack/mypack.go:41.2,41.19 1 1
github.com/Jeremytjuh/Gotraining/TryingOut/mypack/mypack/mypack.go:38.37,40.3 1 1
github.com/Jeremytjuh/Gotraining/TryingOut/mypack/mypack/mypack.go:45.37,47.2 1 1
github.com/Jeremytjuh/Gotraining/TryingOut/mypack/mypack/mypack.go:50.38,52.2 1 1
github.com/Jeremytjuh/Gotraining/TryingOut/mypack/mypack/mypack.go:55.69,56.19 1 1
github.com/Jeremytjuh/Gotraining/TryingOut/mypack/mypack/mypack.go:57.13,58.30 1 1
github.com/Jeremytjuh/Gotraining/TryingOut/mypack/mypack/mypack.go:59.13,60.27 1 1
github.com/Jeremytjuh/Gotraining/TryingOut/mypack/mypack/mypack.go:61.13,62.20 1 1
github.com/Jeremytjuh/Gotraining/TryingOut/mypack/mypack/mypack.go:63.12,64.27 1 1
github.com/Jeremytjuh/Gotraining/TryingOut/mypack/mypack/mypack.go:65.14,66.30 1 1
github.com/Jeremytjuh/Gotraining/TryingOut/mypack/mypack/mypack.go:67.13,68.33 1 1
github.com/Jeremytjuh/Gotraining/TryingOut/mypack/mypack/mypack.go:69.13,70.36 1 1
github.com/Jeremytjuh/Gotraining/TryingOut/mypack/mypack/mypack.go:71.10,72.16 1 1
github.com/Jeremytjuh/Gotraining/TryingOut/mypack/mypack/mypack.go:78.62,80.16 2 1
github.com/Jeremytjuh/Gotraining/TryingOut/mypack/mypack/mypack.go:81.12,91.26 2 1
github.com/Jeremytjuh/Gotraining/TryingOut/mypack/mypack/mypack.go:92.12,102.26 2 1
github.com/Jeremytjuh/Gotraining/TryingOut/mypack/mypack/mypack.go:103.12,113.26 2 1
github.com/Jeremytjuh/Gotraining/TryingOut/mypack/mypack/mypack.go:114.11,124.26 2 1
github.com/Jeremytjuh/Gotraining/TryingOut/mypack/mypack/mypack.go:125.13,135.26 2 1
github.com/Jeremytjuh/Gotraining/TryingOut/mypack/mypack/mypack.go:136.12,146.26 2 1
github.com/Jeremytjuh/Gotraining/TryingOut/mypack/mypack/mypack.go:147.12,157.26 2 1
github.com/Jeremytjuh/Gotraining/TryingOut/mypack/mypack/mypack.go:158.10,159.74 1 1
github.com/Jeremytjuh/Gotraining/TryingOut/mypack/mypack/mypack.go:165.66,167.16 2 1
github.com/Jeremytjuh/Gotraining/TryingOut/mypack/mypack/mypack.go:168.13,178.26 2 1
github.com/Jeremytjuh/Gotraining/TryingOut/mypack/mypack/mypack.go:179.13,189.26 2 1
github.com/Jeremytjuh/Gotraining/TryingOut/mypack/mypack/mypack.go:190.13,200.26 2 1
github.com/Jeremytjuh/Gotraining/TryingOut/mypack/mypack/mypack.go:201.12,211.26 2 1
github.com/Jeremytjuh/Gotraining/TryingOut/mypack/mypack/mypack.go:212.14,222.26 2 1
github.com/Jeremytjuh/Gotraining/TryingOut/mypack/mypack/mypack.go:223.13,233.26 2 1
github.com/Jeremytjuh/Gotraining/TryingOut/mypack/mypack/mypack.go:234.13,244.26 2 1
github.com/Jeremytjuh/Gotraining/TryingOut/mypack/mypack/mypack.go:245.10,246.74 1 1
github.com/Jeremytjuh/Gotraining/TryingOut/mypack/mypack/mypack.go:252.67,254.16 2 1
github.com/Jeremytjuh/Gotraining/TryingOut/mypack/mypack/mypack.go:255.13,265.26 2 0
github.com/Jeremytjuh/Gotraining/TryingOut/mypack/mypack/mypack.go:266.13,276.26 2 0
github.com/Jeremytjuh/Gotraining/TryingOut/mypack/mypack/mypack.go:277.13,287.26 2 0
github.com/Jeremytjuh/Gotraining/TryingOut/mypack/mypack/mypack.go:288.12,298.26 2 0
github.com/Jeremytjuh/Gotraining/TryingOut/mypack/mypack/mypack.go:299.14,309.26 2 0
github.com/Jeremytjuh/Gotraining/TryingOut/mypack/mypack/mypack.go:310.13,320.26 2 1
github.com/Jeremytjuh/Gotraining/TryingOut/mypack/mypack/mypack.go:321.13,331.26 2 0
github.com/Jeremytjuh/Gotraining/TryingOut/mypack/mypack/mypack.go:332.10,333.74 1 0
