mode: set
github.com/Jeremytjuh/Gotraining/TryingOut/mypack/mypack/mypack.go:8.44,14.2 1 1
github.com/Jeremytjuh/Gotraining/TryingOut/mypack/mypack/mypack.go:17.53,23.2 1 1
github.com/Jeremytjuh/Gotraining/TryingOut/mypack/mypack/mypack.go:27.50,29.37 2 1
github.com/Jeremytjuh/Gotraining/TryingOut/mypack/mypack/mypack.go:32.2,32.19 1 1
github.com/Jeremytjuh/Gotraining/TryingOut/mypack/mypack/mypack.go:29.37,31.3 1 1
github.com/Jeremytjuh/Gotraining/TryingOut/mypack/mypack/mypack.go:37.50,39.37 2 1
github.com/Jeremytjuh/Gotraining/TryingOut/mypack/mypack/mypack.go:42.2,42.19 1 1
github.com/Jeremytjuh/Gotraining/TryingOut/mypack/mypack/mypack.go:39.37,41.3 1 1
github.com/Jeremytjuh/Gotraining/TryingOut/mypack/mypack/mypack.go:46.37,48.2 1 1
github.com/Jeremytjuh/Gotraining/TryingOut/mypack/mypack/mypack.go:51.38,53.2 1 1
github.com/Jeremytjuh/Gotraining/TryingOut/mypack/mypack/mypack.go:57.69,58.19 1 1
github.com/Jeremytjuh/Gotraining/TryingOut/mypack/mypack/mypack.go:59.13,60.30 1 1
github.com/Jeremytjuh/Gotraining/TryingOut/mypack/mypack/mypack.go:61.13,62.27 1 1
github.com/Jeremytjuh/Gotraining/TryingOut/mypack/mypack/mypack.go:63.13,64.20 1 1
github.com/Jeremytjuh/Gotraining/TryingOut/mypack/mypack/mypack.go:65.12,66.28 1 1
github.com/Jeremytjuh/Gotraining/TryingOut/mypack/mypack/mypack.go:67.14,68.31 1 1
github.com/Jeremytjuh/Gotraining/TryingOut/mypack/mypack/mypack.go:69.13,70.34 1 1
github.com/Jeremytjuh/Gotraining/TryingOut/mypack/mypack/mypack.go:71.13,72.37 1 1
github.com/Jeremytjuh/Gotraining/TryingOut/mypack/mypack/mypack.go:73.10,74.16 1 1
